2021-04-06 07:15:04,146 CRIT Supervisor running as root (no user in config file)
2021-04-06 07:15:04,146 INFO Included extra file "/opt/docker/etc/supervisor.d/apache.conf" during parsing
2021-04-06 07:15:04,146 INFO Included extra file "/opt/docker/etc/supervisor.d/cron.conf" during parsing
2021-04-06 07:15:04,146 INFO Included extra file "/opt/docker/etc/supervisor.d/dnsmasq.conf" during parsing
2021-04-06 07:15:04,147 INFO Included extra file "/opt/docker/etc/supervisor.d/postfix.conf" during parsing
2021-04-06 07:15:04,147 INFO Included extra file "/opt/docker/etc/supervisor.d/ssh.conf" during parsing
2021-04-06 07:15:04,147 INFO Included extra file "/opt/docker/etc/supervisor.d/syslog.conf" during parsing
2021-04-06 07:15:04,155 INFO RPC interface 'supervisor' initialized
2021-04-06 07:15:04,155 INFO supervisord started with pid 19
2021-04-06 07:15:05,157 INFO spawned: 'apached' with pid 22
2021-04-06 07:15:05,162 INFO success: apached entered RUNNING state, process has stayed up for > than 0 seconds (startsecs)
2021-04-06 07:25:42,327 CRIT Supervisor running as root (no user in config file)
2021-04-06 07:25:42,328 INFO Included extra file "/opt/docker/etc/supervisor.d/apache.conf" during parsing
2021-04-06 07:25:42,328 INFO Included extra file "/opt/docker/etc/supervisor.d/cron.conf" during parsing
2021-04-06 07:25:42,328 INFO Included extra file "/opt/docker/etc/supervisor.d/dnsmasq.conf" during parsing
2021-04-06 07:25:42,328 INFO Included extra file "/opt/docker/etc/supervisor.d/postfix.conf" during parsing
2021-04-06 07:25:42,328 INFO Included extra file "/opt/docker/etc/supervisor.d/ssh.conf" during parsing
2021-04-06 07:25:42,328 INFO Included extra file "/opt/docker/etc/supervisor.d/syslog.conf" during parsing
2021-04-06 07:25:42,635 INFO RPC interface 'supervisor' initialized
2021-04-06 07:25:42,635 INFO supervisord started with pid 19
2021-04-06 07:25:43,637 INFO spawned: 'apached' with pid 22
2021-04-06 07:25:43,643 INFO success: apached entered RUNNING state, process has stayed up for > than 0 seconds (startsecs)
2021-04-06 07:26:15,860 CRIT Supervisor running as root (no user in config file)
2021-04-06 07:26:15,860 INFO Included extra file "/opt/docker/etc/supervisor.d/apache.conf" during parsing
2021-04-06 07:26:15,860 INFO Included extra file "/opt/docker/etc/supervisor.d/cron.conf" during parsing
2021-04-06 07:26:15,860 INFO Included extra file "/opt/docker/etc/supervisor.d/dnsmasq.conf" during parsing
2021-04-06 07:26:15,860 INFO Included extra file "/opt/docker/etc/supervisor.d/postfix.conf" during parsing
2021-04-06 07:26:15,860 INFO Included extra file "/opt/docker/etc/supervisor.d/ssh.conf" during parsing
2021-04-06 07:26:15,860 INFO Included extra file "/opt/docker/etc/supervisor.d/syslog.conf" during parsing
2021-04-06 07:26:16,173 INFO RPC interface 'supervisor' initialized
2021-04-06 07:26:16,179 INFO supervisord started with pid 22
2021-04-06 07:26:17,181 INFO spawned: 'apached' with pid 25
2021-04-06 07:26:17,186 INFO success: apached entered RUNNING state, process has stayed up for > than 0 seconds (startsecs)
2021-04-07 07:05:28,451 CRIT Supervisor running as root (no user in config file)
2021-04-07 07:05:28,451 INFO Included extra file "/opt/docker/etc/supervisor.d/apache.conf" during parsing
2021-04-07 07:05:28,451 INFO Included extra file "/opt/docker/etc/supervisor.d/cron.conf" during parsing
2021-04-07 07:05:28,452 INFO Included extra file "/opt/docker/etc/supervisor.d/dnsmasq.conf" during parsing
2021-04-07 07:05:28,452 INFO Included extra file "/opt/docker/etc/supervisor.d/postfix.conf" during parsing
2021-04-07 07:05:28,452 INFO Included extra file "/opt/docker/etc/supervisor.d/ssh.conf" during parsing
2021-04-07 07:05:28,452 INFO Included extra file "/opt/docker/etc/supervisor.d/syslog.conf" during parsing
2021-04-07 07:05:28,761 INFO RPC interface 'supervisor' initialized
2021-04-07 07:05:28,762 INFO supervisord started with pid 20
2021-04-07 07:05:29,764 INFO spawned: 'apached' with pid 23
2021-04-07 07:05:29,772 INFO success: apached entered RUNNING state, process has stayed up for > than 0 seconds (startsecs)
